<?xml version="1.0" encoding="UTF-8"?>
<!-- Generated by org.testng.reporters.JUnitXMLReporter -->
<testsuite ignored="0" hostname="DESKTOP-OJBKEDR" failures="0" tests="4" name="Default test" time="4.485" errors="0" timestamp="2019-10-14T16:59:25 CEST">
  <testcase classname="stepDefinition.RegistrationTest" name="verifyHomepageTitle" time="0.013"/>
  <testcase classname="stepDefinition.RegistrationTest" name="registerUser" time="0.767"/>
  <testcase classname="stepDefinition.RegistrationTest" name="verifyregiserpageTitle" time="0.014"/>
  <testcase classname="stepDefinition.RegistrationTest" name="EnterUSerDetails" time="3.659"/>
</testsuite> <!-- Default test -->
