<?xml version="1.0" encoding="UTF-8"?>
<!-- Generated by org.testng.reporters.JUnitXMLReporter -->
<testsuite ignored="0" hostname="DESKTOP-OJBKEDR" failures="0" tests="3" name="Default test" time="6.545" errors="0" timestamp="2019-10-12T06:40:20 CEST">
  <testcase classname="stepDefinition.LoginTest" name="goToLoginPage" time="0.036"/>
  <testcase classname="stepDefinition.LoginTest" name="verifyLoginPageTitle" time="0.012"/>
  <testcase classname="stepDefinition.LoginTest" name="loginUser" time="6.444"/>
</testsuite> <!-- Default test -->
