<?xml version="1.0" encoding="UTF-8"?>
<!-- Generated by org.testng.reporters.JUnitXMLReporter -->
<testsuite ignored="0" hostname="DESKTOP-OJBKEDR" failures="0" tests="16" name="LoginTest" time="21.122" errors="0" timestamp="2019-10-12T22:54:57 CEST">
  <testcase classname="stepDefinition.LoginTest" name="goToLoginPage" time="0.069"/>
  <testcase classname="stepDefinition.LoginTest" name="verifyLoginPageTitle" time="0.021"/>
  <testcase classname="stepDefinition.LoginTest" name="loginUser" time="8.507"/>
  <testcase classname="stepDefinition.ReservationTest" name="goToRegistrationPage" time="0.004"/>
  <testcase classname="stepDefinition.ReservationTest" name="selectFlightDetails" time="0.916"/>
  <testcase classname="stepDefinition.ReservationTest" name="selectPreferenceDetails" time="0.192"/>
  <testcase classname="stepDefinition.ReservationTest" name="ClickContinue" time="0.812"/>
  <testcase classname="stepDefinition.Reservation2Test" name="goToRegervation2Page" time="0.004"/>
  <testcase classname="stepDefinition.Reservation2Test" name="FlightesDetails" time="0.051"/>
  <testcase classname="stepDefinition.Reservation2Test" name="Continue2" time="1.17"/>
  <testcase classname="stepDefinition.PurchasesTest" name="goToPurchasesPage" time="0.004"/>
  <testcase classname="stepDefinition.PurchasesTest" name="passengerDetail" time="0.31"/>
  <testcase classname="stepDefinition.PurchasesTest" name="creditCardDetail" time="0.853"/>
  <testcase classname="stepDefinition.PurchasesTest" name="billingAddress" time="0.591"/>
  <testcase classname="stepDefinition.PurchasesTest" name="deliveryAddress" time="0.589"/>
  <testcase classname="stepDefinition.PurchasesTest" name="secureButton" time="0.896"/>
</testsuite> <!-- LoginTest -->
