<?xml version="1.0" encoding="UTF-8"?>
<!-- Generated by org.testng.reporters.JUnitXMLReporter -->
<testsuite ignored="0" hostname="DESKTOP-OJBKEDR" failures="0" tests="3" name="Login Test" time="1.685" errors="0" timestamp="2019-10-10T20:50:03 CEST">
  <testcase classname="stepDefinition.LoginTest" name="@BeforeSuite SetUP" time="26.812">
    <failure type="java.io.FileNotFoundException" message="E:\JavaAutomation\POMNewTourSeleniumsrc\test\resources\supporting_files\NewTourData.xlsx (The system cannot find the path specified)">
      <![CDATA[java.io.FileNotFoundException: E:\JavaAutomation\POMNewTourSeleniumsrc\test\resources\supporting_files\NewTourData.xlsx (The system cannot find the path specified)
at java.base/java.io.FileInputStream.open0(Native Method)
at java.base/java.io.FileInputStream.open(FileInputStream.java:219)
at java.base/java.io.FileInputStream.<init>(FileInputStream.java:157)
at utils.ExcelUtility.getTestDataListBySecnario(ExcelUtility.java:54)
at utils.ExcelUtility.<init>(ExcelUtility.java:75)
at stepDefinition.LoginTest.SetUP(LoginTest.java:29)
... Removed 19 stack frames]]>
    </failure>
  </testcase> <!-- @BeforeSuite SetUP -->
  <testcase classname="stepDefinition.LoginTest" name="goToLoginPage" time="0.0">
    <skipped/>
  </testcase> <!-- goToLoginPage -->
  <testcase classname="stepDefinition.LoginTest" name="verifyLoginPageTitle" time="0.0">
    <skipped/>
  </testcase> <!-- verifyLoginPageTitle -->
  <testcase classname="stepDefinition.LoginTest" name="loginUser" time="0.0">
    <skipped/>
  </testcase> <!-- loginUser -->
</testsuite> <!-- Login Test -->
