<?xml version="1.0" encoding="UTF-8"?>
<testng-results ignored="0" total="3" passed="3" failed="0" skipped="0">
  <reporter-output>
  </reporter-output>
  <suite started-at="2019-10-12T16:08:24 CEST" name="NewTour Application" finished-at="2019-10-12T16:08:32 CEST" duration-ms="7528">
    <groups>
    </groups>
    <test started-at="2019-10-12T16:08:24 CEST" name="LoginTest" finished-at="2019-10-12T16:08:32 CEST" duration-ms="7528">
      <class name="stepDefinition.LoginTest">
        <test-method is-config="true" signature="setUp()[pri:0, instance:stepDefinition.LoginTest@50378a4]" started-at="2019-10-12T16:08:11 CEST" name="setUp" finished-at="2019-10-12T16:08:24 CEST" duration-ms="13601" status="PASS">
          <reporter-output>
          </reporter-output>
        </test-method> <!-- setUp -->
        <test-method signature="goToLoginPage()[pri:0, instance:stepDefinition.LoginTest@50378a4]" started-at="2019-10-12T16:08:24 CEST" name="goToLoginPage" finished-at="2019-10-12T16:08:24 CEST" duration-ms="34" status="PASS">
          <reporter-output>
          </reporter-output>
        </test-method> <!-- goToLoginPage -->
        <test-method signature="verifyLoginPageTitle()[pri:1, instance:stepDefinition.LoginTest@50378a4]" started-at="2019-10-12T16:08:25 CEST" name="verifyLoginPageTitle" finished-at="2019-10-12T16:08:25 CEST" duration-ms="14" status="PASS">
          <reporter-output>
          </reporter-output>
        </test-method> <!-- verifyLoginPageTitle -->
        <test-method signature="loginUser()[pri:2, instance:stepDefinition.LoginTest@50378a4]" started-at="2019-10-12T16:08:25 CEST" name="loginUser" finished-at="2019-10-12T16:08:31 CEST" duration-ms="6450" status="PASS">
          <reporter-output>
          </reporter-output>
        </test-method> <!-- loginUser -->
      </class> <!-- stepDefinition.LoginTest -->
    </test> <!-- LoginTest -->
  </suite> <!-- NewTour Application -->
</testng-results>
